0 info it worked if it ends with ok
1 verbose cli [ '/usr/local/Cellar/node/7.2.1/bin/node',
1 verbose cli   '/usr/local/bin/npm',
1 verbose cli   'start' ]
2 info using npm@3.10.9
3 info using node@v7.2.1
4 verbose run-script [ 'prestart', 'start', 'poststart' ]
5 info lifecycle reveal.js@3.7.0~prestart: reveal.js@3.7.0
6 silly lifecycle reveal.js@3.7.0~prestart: no script for prestart, continuing
7 info lifecycle reveal.js@3.7.0~start: reveal.js@3.7.0
8 verbose lifecycle reveal.js@3.7.0~start: unsafe-perm in lifecycle true
9 verbose lifecycle reveal.js@3.7.0~start: PATH: /usr/local/lib/node_modules/npm/bin/node-gyp-bin:/Users/grogs/Dropbox (HomeAway)/talks/fastparse/node_modules/.bin:/usr/local/Cellar/node/7.2.1/bin:/Users/grogs/bin/gnutls:/Users/grogs/bin:/opt/local/libexec/gnubin:/opt/local/bin:/opt/local/sbin:/usr/local/bin:/usr/local/sbin/:/opt/local/bin:/opt/local/sbin:/usr/bin:/bin:/usr/sbin:/sbin:/usr/local/bin:/opt/X11/bin:/usr/local/git/bin:/usr/texbin:/usr/X11/bin:/Users/grogs/bin/Play20:/opt/local/libexec/gnubin:/opt/local/bin:/opt/local/sbin:/usr/local/sbin/:/usr/local/share/python/:/Users/grogs/Library/Python/2.7/bin:/Users/grogs/.rvm/bin
10 verbose lifecycle reveal.js@3.7.0~start: CWD: /Users/grogs/Dropbox (HomeAway)/talks/fastparse
11 silly lifecycle reveal.js@3.7.0~start: Args: [ '-c', 'grunt serve' ]
12 silly lifecycle reveal.js@3.7.0~start: Returned: code: 126  signal: null
13 info lifecycle reveal.js@3.7.0~start: Failed to exec start script
14 verbose stack Error: reveal.js@3.7.0 start: `grunt serve`
14 verbose stack Exit status 126
14 verbose stack     at EventEmitter.<anonymous> (/usr/local/lib/node_modules/npm/lib/utils/lifecycle.js:255:16)
14 verbose stack     at emitTwo (events.js:106:13)
14 verbose stack     at EventEmitter.emit (events.js:191:7)
14 verbose stack     at ChildProcess.<anonymous> (/usr/local/lib/node_modules/npm/lib/utils/spawn.js:40:14)
14 verbose stack     at emitTwo (events.js:106:13)
14 verbose stack     at ChildProcess.emit (events.js:191:7)
14 verbose stack     at maybeClose (internal/child_process.js:885:16)
14 verbose stack     at Process.ChildProcess._handle.onexit (internal/child_process.js:226:5)
15 verbose pkgid reveal.js@3.7.0
16 verbose cwd /Users/grogs/Dropbox (HomeAway)/talks/fastparse
17 error Darwin 14.5.0
18 error argv "/usr/local/Cellar/node/7.2.1/bin/node" "/usr/local/bin/npm" "start"
19 error node v7.2.1
20 error npm  v3.10.9
21 error code ELIFECYCLE
22 error reveal.js@3.7.0 start: `grunt serve`
22 error Exit status 126
23 error Failed at the reveal.js@3.7.0 start script 'grunt serve'.
23 error Make sure you have the latest version of node.js and npm installed.
23 error If you do, this is most likely a problem with the reveal.js package,
23 error not with npm itself.
23 error Tell the author that this fails on your system:
23 error     grunt serve
23 error You can get information on how to open an issue for this project with:
23 error     npm bugs reveal.js
23 error Or if that isn't available, you can get their info via:
23 error     npm owner ls reveal.js
23 error There is likely additional logging output above.
24 verbose exit [ 1, true ]
